{
  "stats": {
    "suites": 1,
    "tests": 4,
    "passes": 2,
    "pending": 0,
    "failures": 2,
    "start": "2022-02-15T23:27:54.761Z",
    "end": "2022-02-15T23:28:04.036Z",
    "duration": 9275,
    "testsRegistered": 4,
    "passPercent": 50,
    "pendingPercent": 0,
    "other": 0,
    "hasOther": false,
    "skipped": 0,
    "hasSkipped": false
  },
  "results": [
    {
      "uuid": "ba7c6d81-fa90-40b8-b5dd-5870060df417",
      "title": "",
      "fullFile": "cypress/integration/mainpage.js",
      "file": "cypress/integration/mainpage.js",
      "beforeHooks": [],
      "afterHooks": [],
      "tests": [],
      "suites": [
        {
          "uuid": "cbd9cd75-ce07-4ab1-b6be-0a0b85b28dd2",
          "title": "Tests main page",
          "fullFile": "",
          "file": "",
          "beforeHooks": [],
          "afterHooks": [],
          "tests": [
            {
              "title": "Tests the login",
              "fullTitle": "Tests main page Tests the login",
              "timedOut": null,
              "duration": 2987,
              "state": "passed",
              "speed": "fast",
              "pass": true,
              "fail": false,
              "pending": false,
              "context": null,
              "code": "const login = \"testowekonto\";\nconst password = \"12345678\";\ncy.request('POST', '192.168.1.12:3000/api/accounts/login', {\n  login,\n  password\n}).as('respond');\ncy.get('@respond').should(response => {\n  localStorage.setItem('jwt', response.body.token);\n  localStorage.setItem('user', response.body.login);\n});\ncy.visit('/');\ncy.get('[data-cy=navbar-username]').should('contain', 'testowekonto');",
              "err": {},
              "uuid": "8623e352-1dfc-4378-bf50-cba19a5cd854",
              "parentUUID": "cbd9cd75-ce07-4ab1-b6be-0a0b85b28dd2",
              "isHook": false,
              "skipped": false
            },
            {
              "title": "Tests reviews adding",
              "fullTitle": "Tests main page Tests reviews adding",
              "timedOut": null,
              "duration": 1556,
              "state": "passed",
              "speed": "fast",
              "pass": true,
              "fail": false,
              "pending": false,
              "context": null,
              "code": "cy.get('[data-cy=post-create]').should('be.visible');\ncy.get('[data-cy=post-create-title]').type(title);\ncy.get('[data-cy=post-create-text]').type(title);\ncy.get('[data-cy=post-create-category]').type(title);\ncy.get('[data-cy=post-create-publish]').contains('Publish').click();\ncy.get('[data-cy=post-global]').click();\ncy.get('[data-cy=post-title]').contains(title).should('be.visible');",
              "err": {},
              "uuid": "644e23a7-3198-4683-acb5-423d1a2de935",
              "parentUUID": "cbd9cd75-ce07-4ab1-b6be-0a0b85b28dd2",
              "isHook": false,
              "skipped": false
            },
            {
              "title": "Tests reviews editing",
              "fullTitle": "Tests main page Tests reviews editing",
              "timedOut": null,
              "duration": 322,
              "state": "failed",
              "speed": null,
              "pass": false,
              "fail": true,
              "pending": false,
              "context": null,
              "code": "cy.get('[data-cy=' + title + '-options]').should('be.visible').click();\ncy.get('[data-cy=' + title + '-edit]').should('be.visible').click();\ncy.get('[data-cy=' + title + '-title]').type(titleedit);\ncy.get('[data-cy=' + title + '-text]').type(titleedit);\ncy.get('[data-cy=' + title + '-category]').type(titleedit);\ncy.get('[data-cy=' + title + '-submit]').click();\ncy.get('[data-cy=post-global]').click();\ncy.get('[data-cy=post-title]').contains(title + titleedit).should('be.visible');",
              "err": {
                "message": "TypeError: The following error originated from your application code, not from Cypress. It was caused by an unhandled promise rejection.\n\n  > Cannot read properties of undefined (reading 'profilePic')\n\nWhen Cypress detects uncaught errors originating from your application it will automatically fail the current test.\n\nThis behavior is configurable, and you can choose to turn this off by listening to the `uncaught:exception` event.\n\nhttps://on.cypress.io/uncaught-exception-from-application",
                "estack": "TypeError: The following error originated from your application code, not from Cypress. It was caused by an unhandled promise rejection.\n\n  > Cannot read properties of undefined (reading 'profilePic')\n\nWhen Cypress detects uncaught errors originating from your application it will automatically fail the current test.\n\nThis behavior is configurable, and you can choose to turn this off by listening to the `uncaught:exception` event.\n\nhttps://on.cypress.io/uncaught-exception-from-application\n    at _callee12$ (webpack-internal:///./node_modules/cache-loader/dist/cjs.js?!./node_modules/babel-loader/lib/index.js!./node_modules/cache-loader/dist/cjs.js?!./node_modules/vue-loader/lib/index.js?!./src/components/Posts.vue?vue&type=script&lang=js&:728:51)\n    at tryCatch (webpack-internal:///./node_modules/regenerator-runtime/runtime.js:63:40)\n    at Generator.invoke [as _invoke] (webpack-internal:///./node_modules/regenerator-runtime/runtime.js:293:22)\n    at Generator.eval [as next] (webpack-internal:///./node_modules/regenerator-runtime/runtime.js:118:21)\n    at asyncGeneratorStep (webpack-internal:///./node_modules/@babel/runtime/helpers/esm/asyncToGenerator.js:9:24)\n    at _next (webpack-internal:///./node_modules/@babel/runtime/helpers/esm/asyncToGenerator.js:31:9)",
                "diff": null
              },
              "uuid": "05421c1e-20c1-42c2-beef-486dba161bcc",
              "parentUUID": "cbd9cd75-ce07-4ab1-b6be-0a0b85b28dd2",
              "isHook": false,
              "skipped": false
            },
            {
              "title": "Tests reviews deleting",
              "fullTitle": "Tests main page Tests reviews deleting",
              "timedOut": null,
              "duration": 4217,
              "state": "failed",
              "speed": null,
              "pass": false,
              "fail": true,
              "pending": false,
              "context": null,
              "code": "cy.get('[data-cy=' + title + titleedit + '-options]').should('be.visible').click();\ncy.get('[data-cy=' + title + titleedit + '-delete]').should('be.visible').click();\ncy.get('[data-cy=post-global]').click();",
              "err": {
                "message": "AssertionError: Timed out retrying after 4000ms: Expected to find element: `[data-cy=TestEdited-options]`, but never found it.",
                "estack": "AssertionError: Timed out retrying after 4000ms: Expected to find element: `[data-cy=TestEdited-options]`, but never found it.\n    at Context.eval (http://192.168.1.12:8080/__cypress/tests?p=cypress\\integration\\mainpage.js:141:59)",
                "diff": null
              },
              "uuid": "04992448-9d81-4e8b-ac65-be6125bc2d4f",
              "parentUUID": "cbd9cd75-ce07-4ab1-b6be-0a0b85b28dd2",
              "isHook": false,
              "skipped": false
            }
          ],
          "suites": [],
          "passes": [
            "8623e352-1dfc-4378-bf50-cba19a5cd854",
            "644e23a7-3198-4683-acb5-423d1a2de935"
          ],
          "failures": [
            "05421c1e-20c1-42c2-beef-486dba161bcc",
            "04992448-9d81-4e8b-ac65-be6125bc2d4f"
          ],
          "pending": [],
          "skipped": [],
          "duration": 9082,
          "root": false,
          "rootEmpty": false,
          "_timeout": 2000
        }
      ],
      "passes": [],
      "failures": [],
      "pending": [],
      "skipped": [],
      "duration": 0,
      "root": true,
      "rootEmpty": true,
      "_timeout": 2000
    }
  ],
  "meta": {
    "mocha": {
      "version": "7.0.1"
    },
    "mochawesome": {
      "options": {
        "quiet": false,
        "reportFilename": "mochawesome",
        "saveHtml": false,
        "saveJson": true,
        "consoleReporter": "spec",
        "useInlineDiffs": false,
        "code": true
      },
      "version": "7.0.1"
    },
    "marge": {
      "options": {
        "charts": true,
        "overwrite": false,
        "html": false,
        "json": true,
        "reportDir": "cypress/report/mochawesome-report"
      },
      "version": "6.0.1"
    }
  }
}