{
  "stats": {
    "suites": 1,
    "tests": 4,
    "passes": 4,
    "pending": 0,
    "failures": 0,
    "start": "2022-02-15T23:27:20.128Z",
    "end": "2022-02-15T23:27:22.889Z",
    "duration": 2761,
    "testsRegistered": 4,
    "passPercent": 100,
    "pendingPercent": 0,
    "other": 0,
    "hasOther": false,
    "skipped": 0,
    "hasSkipped": false
  },
  "results": [
    {
      "uuid": "8d725825-b87f-4d26-88eb-9ad4c5b918b0",
      "title": "",
      "fullFile": "cypress/integration/2-advanced-examples/files.spec.js",
      "file": "cypress/integration/2-advanced-examples/files.spec.js",
      "beforeHooks": [],
      "afterHooks": [],
      "tests": [],
      "suites": [
        {
          "uuid": "64fec3de-ad87-4be9-ac00-b0cdee9dc328",
          "title": "Files",
          "fullFile": "",
          "file": "",
          "beforeHooks": [],
          "afterHooks": [],
          "tests": [
            {
              "title": "cy.fixture() - load a fixture",
              "fullTitle": "Files cy.fixture() - load a fixture",
              "timedOut": null,
              "duration": 794,
              "state": "passed",
              "speed": "fast",
              "pass": true,
              "fail": false,
              "pending": false,
              "context": null,
              "code": "// https://on.cypress.io/fixture\n// Instead of writing a response inline you can\n// use a fixture file's content.\n// when application makes an Ajax request matching \"GET **/comments/*\"\n// Cypress will intercept it and reply with the object in `example.json` fixture\ncy.intercept('GET', '**/comments/*', {\n  fixture: 'example.json'\n}).as('getComment'); // we have code that gets a comment when\n// the button is clicked in scripts.js\ncy.get('.fixture-btn').click();\ncy.wait('@getComment').its('response.body').should('have.property', 'name').and('include', 'Using fixtures to represent data');",
              "err": {},
              "uuid": "377f294c-744d-40e8-b35b-0ad1f2f467f9",
              "parentUUID": "64fec3de-ad87-4be9-ac00-b0cdee9dc328",
              "isHook": false,
              "skipped": false
            },
            {
              "title": "cy.fixture() or require - load a fixture",
              "fullTitle": "Files cy.fixture() or require - load a fixture",
              "timedOut": null,
              "duration": 178,
              "state": "passed",
              "speed": "fast",
              "pass": true,
              "fail": false,
              "pending": false,
              "context": null,
              "code": "// we are inside the \"function () { ... }\"\n// callback and can use test context object \"this\"\n// \"this.example\" was loaded in \"beforeEach\" function callback\nexpect(this.example, 'fixture in the test context').to.deep.equal(requiredExample); // or use \"cy.wrap\" and \"should('deep.equal', ...)\" assertion\ncy.wrap(this.example).should('deep.equal', requiredExample);",
              "err": {},
              "uuid": "7e4a358b-1fd9-4816-82f5-10712aa35d6c",
              "parentUUID": "64fec3de-ad87-4be9-ac00-b0cdee9dc328",
              "isHook": false,
              "skipped": false
            },
            {
              "title": "cy.readFile() - read file contents",
              "fullTitle": "Files cy.readFile() - read file contents",
              "timedOut": null,
              "duration": 168,
              "state": "passed",
              "speed": "fast",
              "pass": true,
              "fail": false,
              "pending": false,
              "context": null,
              "code": "// https://on.cypress.io/readfile\n// You can read a file and yield its contents\n// The filePath is relative to your project's root.\ncy.readFile('cypress.json').then(json => {\n  expect(json).to.be.an('object');\n});",
              "err": {},
              "uuid": "1f2c87c0-7a53-45d0-948c-a233d8198f24",
              "parentUUID": "64fec3de-ad87-4be9-ac00-b0cdee9dc328",
              "isHook": false,
              "skipped": false
            },
            {
              "title": "cy.writeFile() - write to a file",
              "fullTitle": "Files cy.writeFile() - write to a file",
              "timedOut": null,
              "duration": 647,
              "state": "passed",
              "speed": "fast",
              "pass": true,
              "fail": false,
              "pending": false,
              "context": null,
              "code": "// https://on.cypress.io/writefile\n// You can write to a file\n// Use a response from a request to automatically\n// generate a fixture file for use later\ncy.request('https://jsonplaceholder.cypress.io/users').then(response => {\n  cy.writeFile('cypress/fixtures/users.json', response.body);\n});\ncy.fixture('users').should(users => {\n  expect(users[0].name).to.exist;\n}); // JavaScript arrays and objects are stringified\n// and formatted into text.\ncy.writeFile('cypress/fixtures/profile.json', {\n  id: 8739,\n  name: 'Jane',\n  email: 'jane@example.com'\n});\ncy.fixture('profile').should(profile => {\n  expect(profile.name).to.eq('Jane');\n});",
              "err": {},
              "uuid": "acc2c2c2-2c76-44da-b52f-0b00dc2f8071",
              "parentUUID": "64fec3de-ad87-4be9-ac00-b0cdee9dc328",
              "isHook": false,
              "skipped": false
            }
          ],
          "suites": [],
          "passes": [
            "377f294c-744d-40e8-b35b-0ad1f2f467f9",
            "7e4a358b-1fd9-4816-82f5-10712aa35d6c",
            "1f2c87c0-7a53-45d0-948c-a233d8198f24",
            "acc2c2c2-2c76-44da-b52f-0b00dc2f8071"
          ],
          "failures": [],
          "pending": [],
          "skipped": [],
          "duration": 1787,
          "root": false,
          "rootEmpty": false,
          "_timeout": 2000
        }
      ],
      "passes": [],
      "failures": [],
      "pending": [],
      "skipped": [],
      "duration": 0,
      "root": true,
      "rootEmpty": true,
      "_timeout": 2000
    }
  ],
  "meta": {
    "mocha": {
      "version": "7.0.1"
    },
    "mochawesome": {
      "options": {
        "quiet": false,
        "reportFilename": "mochawesome",
        "saveHtml": false,
        "saveJson": true,
        "consoleReporter": "spec",
        "useInlineDiffs": false,
        "code": true
      },
      "version": "7.0.1"
    },
    "marge": {
      "options": {
        "charts": true,
        "overwrite": false,
        "html": false,
        "json": true,
        "reportDir": "cypress/report/mochawesome-report"
      },
      "version": "6.0.1"
    }
  }
}